农林卫视,https://migu.188766.xyz/?migutoken=cdccef6d35b931344c44014962414598&id=%E4%B8%AD%E5%9B%BD%E5%86%9C%E6%9E%97%E5%8D%AB%E8%A7%86&type=yy
兵团卫视,https://migu.188766.xyz/?migutoken=76aba6a8375ae8cd447bec67b4d2d64c&id=%E5%85%B5%E5%9B%A2%E5%8D%AB%E8%A7%86&type=yy
浙江卫视4K,https://migu.188766.xyz/?migutoken=2b3a56b6ce581164684ae52c772b9f87&id=%E6%B5%99%E6%B1%9F%E5%8D%AB%E8%A7%864K&pp=1
东方卫视4K,#EXTVLCOPT:referer=https://live.kankanews.com/
深圳卫视4K,https://migu.188766.xyz/?migutoken=764ee2e40ca3cb790cdae1d0888732ff&id=%E6%B7%B1%E5%9C%B3%E5%8D%AB%E8%A7%86&pp=1
苏州4K,https://tylive.kan0512.com/norecord/csztv4k_4k.m3u8
河北4K,https://event.pull.hebtv.com:443/live/live101.m3u8
CHC影迷电影,https://migu.188766.xyz/?migutoken=17dbea27400b3a52b0cb191a4c0e360c&id=CHC%E5%BD%B1%E8%BF%B7%E7%94%B5%E5%BD%B1&type=yy
重温经典,#EXTVLCOPT:http-user-agent=okHttp/Mod-1.5.0.0
上视东方影视,https://migu.188766.xyz/?migutoken=4d2b40468ed2c79d964dd96c94b6f79e&id=%E4%B8%8A%E8%A7%86%E4%B8%9C%E6%96%B9%E5%BD%B1%E8%A7%86&type=yy
新片放映厅,https://migu.188766.xyz/?migutoken=d7e8724f92c9d877db17f027bd7ab1f1&id=%E6%96%B0%E7%89%87%E6%94%BE%E6%98%A0%E5%8E%85&type=yy
经典香港电影,https://migu.188766.xyz/?migutoken=c4fe67043eca43b86dd1c9eef43fed76&id=%E7%BB%8F%E5%85%B8%E9%A6%99%E6%B8%AF%E7%94%B5%E5%BD%B1&type=yy
抗战经典影片,https://migu.188766.xyz/?migutoken=1c0df48d1d46249f86d41fc08a2910c4&id=%E6%8A%97%E6%88%98%E7%BB%8F%E5%85%B8%E5%BD%B1%E7%89%87&type=yy
南方影视,https://migu.188766.xyz/?migutoken=c2a47996eeff4e71e141e5d938eae2e5&id=%E5%8D%97%E6%96%B9%E5%BD%B1%E8%A7%86&type=yy
和美乡途轮播台,https://migu.188766.xyz/?migutoken=e7ab88abf78506259691c3ec301bb44b&id=%E5%92%8C%E7%BE%8E%E4%B9%A1%E9%80%94%E8%BD%AE%E6%92%AD%E5%8F%B0&type=yy
茶,https://migu.188766.xyz/?migutoken=cf37e7558be800add0c6a6a0aed746f1&id=%E8%8C%B6&type=yy
赛事最经典,https://migu.188766.xyz/?migutoken=c0d319c18ed7b6529609353cccc51c18&id=%E8%B5%9B%E4%BA%8B%E6%9C%80%E7%BB%8F%E5%85%B8&type=yy
武术世界,https://migu.188766.xyz/?migutoken=91cb303749b86ffb841b9767648bc003&id=%E6%AD%A6%E6%9C%AF%E4%B8%96%E7%95%8C&type=yy
四海钓鱼,https://migu.188766.xyz/?migutoken=79dede8f85cb227af59d0501e2a08bf4&id=%E5%9B%9B%E6%B5%B7%E9%92%93%E9%B1%BC&type=yy
环球旅游,https://migu.188766.xyz/?migutoken=6383906bf92e4c16f37061e4d18d3c13&id=%E7%8E%AF%E7%90%83%E6%97%85%E6%B8%B8&type=yy
最强综艺趴,https://migu.188766.xyz/?migutoken=f3f9ae3082ecd1cc38646309aea73746&id=%E6%9C%80%E5%BC%BA%E7%BB%BC%E8%89%BA%E8%B6%B4&type=yy
嘉佳卡通,https://migu.188766.xyz/?migutoken=a3514c9141d1e98a0c618fbb58640c65&id=%E5%98%89%E4%BD%B3%E5%8D%A1%E9%80%9A&type=yy
经典动画大集合,https://migu.188766.xyz/?migutoken=b834ee1d152d0994627515de1d76fd18&id=%E7%BB%8F%E5%85%B8%E5%8A%A8%E7%94%BB%E5%A4%A7%E9%9B%86%E5%90%88&type=yy
财富天下,https://migu.188766.xyz/?migutoken=95d84c04f534af5c6012cbdc4769a2d7&id=%E8%B4%A2%E5%AF%8C%E5%A4%A9%E4%B8%8B&type=yy
体坛名栏汇,https://migu.188766.xyz/?migutoken=2768b1a1879cd3b648303b5b3ef4e19c&id=%E4%BD%93%E5%9D%9B%E5%90%8D%E6%A0%8F%E6%B1%87&type=yy
24小时城市联赛轮播台,https://migu.188766.xyz/?migutoken=d806a01bd19a648a46e2b21acf53b09e&id=24%E5%B0%8F%E6%97%B6%E5%9F%8E%E5%B8%82%E8%81%94%E8%B5%9B%E8%BD%AE%E6%92%AD%E5%8F%B0&type=yy
中学生,https://migu.188766.xyz/?migutoken=e9ba17a855d3e569fd733d583d1dcb43&id=%E4%B8%AD%E5%AD%A6%E7%94%9F&type=yy
老故事,https://migu.188766.xyz/?migutoken=06c558d13829a248c47d83b98331d148&id=%E8%80%81%E6%95%85%E4%BA%8B&type=yy
发现之旅,https://migu.188766.xyz/?migutoken=033fbfe69cbc0a5b6a7847060925d184&id=%E5%8F%91%E7%8E%B0%E4%B9%8B%E6%97%85&type=yy
新动力量创一流,https://migu.188766.xyz/?migutoken=05262d27e94b0449c1e261e5dc3eb478&id=%E6%96%B0%E5%8A%A8%E5%8A%9B%E9%87%8F%E5%88%9B%E4%B8%80%E6%B5%81&type=yy
北京影视,https://migu.188766.xyz/?migutoken=dc3391dcc395e4f013dd5f1140371702&id=%E5%8C%97%E4%BA%AC%E5%BD%B1%E8%A7%86&type=yy
北京文艺,https://migu.188766.xyz/?migutoken=21205b0d48327474f375914bcb4258b1&id=%E5%8C%97%E4%BA%AC%E6%96%87%E8%89%BA&type=yy
北京纪实科教,https://migu.188766.xyz/?migutoken=470a791f1209f7dfd7d97189adae264a&id=%E5%8C%97%E4%BA%AC%E7%BA%AA%E5%AE%9E%E7%A7%91%E6%95%99&type=yy
河南梨园,https://migu.188766.xyz/?migutoken=b9c78e38afa144624e735df2c420fbd3&id=%E6%A2%A8%E5%9B%AD%E9%A2%91%E9%81%93&type=yy
河南新闻,https://migu.188766.xyz/?migutoken=5327b4a22e09b0afac935d7f2f2fe5f7&id=%E6%96%B0%E9%97%BB%E9%A2%91%E9%81%93&type=yy
河南电视剧,https://migu.188766.xyz/?migutoken=7088fd85b301cd242018a82423d6847f&id=%E7%94%B5%E8%A7%86%E5%89%A7%E9%A2%91%E9%81%93&type=yy
河南公共,https://migu.188766.xyz/?migutoken=d74a5fdc21de1ef01c5076ac4fd8cea3&id=%E5%85%AC%E5%85%B1%E9%A2%91%E9%81%93&type=yy
河南法治,https://migu.188766.xyz/?migutoken=053a0c7008b40732cd7bdaa558231f1e&id=%E6%B3%95%E6%B2%BB%E9%A2%91%E9%81%93&type=yy
河南武术,https://migu.188766.xyz/?migutoken=c6e03c4afddce3e3f445bb5611ac3565&id=%E6%AD%A6%E6%9C%AF%E9%A2%91%E9%81%93&type=yy
河南移动戏曲,https://migu.188766.xyz/?migutoken=46906d25d7a547014fac53e42677cdc5&id=%E7%A7%BB%E5%8A%A8%E6%88%8F%E6%9B%B2%E9%A2%91%E9%81%93&type=yy
河南文物宝库,https://migu.188766.xyz/?migutoken=9beb48b75666402d709b4083ff451068&id=%E6%96%87%E7%89%A9%E5%AE%9D%E5%BA%93&type=yy
河南象视界,https://migu.188766.xyz/?migutoken=8d3caabc4bd3adb692a4d2de29ed76dd&id=%E8%B1%A1%E8%A7%86%E7%95%8C&type=yy
广东影视,https://hk.188766.xyz/?migutoken=8037257158fa2cd7a2ffc86df4067a14&id=gd_gdys&type=sz
广东少儿,https://hk.188766.xyz/?migutoken=4f157dcc315f0d0e2aa44148734b97bb&id=gd_gdse&type=sz
嘉佳卡通,https://hk.188766.xyz/?migutoken=98a268ca7ed253252e661dd80c3d01cf&id=gd_jjkt&type=sz
岭南戏曲,https://hk.188766.xyz/?migutoken=922b74ca78e2b699b1cce60ff6dff7ee&id=gd_lnxq&type=sz
广东移动,https://hk.188766.xyz/?migutoken=17e5fde88cbfc55f965316a9ac9e793c&id=gd_gdyd&type=sz
现代教育,https://hk.188766.xyz/?migutoken=0b5892764cbd25dd073f39a52f5f7563&id=gd_xdjy&type=sz
广东生活频道,https://hk.188766.xyz/?migutoken=6cfb7bb1f11cf8d04e2d579dcd5374d4&id=gd_gdsh&type=sz
上海新纪实,#EXTVLCOPT:referer=https://live.kankanews.com/
上海魔都眼,#EXTVLCOPT:referer=https://live.kankanews.com/
爱上海,#EXTVLCOPT:referer=https://live.kankanews.com/
内蒙古新闻综合,http://play1-qk.nmtv.cn/live/1686560423879174.m3u8
内蒙古蒙语卫视,http://play1-qk.nmtv.cn/live/1686560387346365.m3u8
无线新闻,https://mgev.188766.xyz/?migutoken=844866cd674c058cc9ef4061fc50d5a2&id=hk_wxxw&type=dy
Now新闻台,https://mgev.188766.xyz/?migutoken=7ab5fe56b915598723ca0f5c5c98556f&id=hk_now&type=dy
TVB Plus,https://mgev.188766.xyz/?migutoken=eeb234e3f649f1d335e1e2c14e3f9438&id=hk_tvbp&type=dy
TVB星河,https://mgev.188766.xyz/?migutoken=61ac899bc2b82d3812cda8e638a2dd5c&id=hk_tvbxh&type=dy
TVB功夫,https://mgev.188766.xyz/?migutoken=1b4f95fca82e00cea81377e4f4c0427e&id=hk_yzwx&type=dy
八度空间,https://mgev.188766.xyz/?migutoken=995732114e25b4efe8cbc0b8de67d8b7&id=hk_8tv&type=dy
CHU,https://mgev.188766.xyz/?migutoken=989bc5c30af54e60acfffc9de3c15fac&id=hk_chu&type=dy
CH5,https://mgev.188766.xyz/?migutoken=33b53b392a49f6399b02e3609e0438c5&id=hk_ch5&type=dy
CH8,https://mgev.188766.xyz/?migutoken=fa65a57db4651a2f32b0e08edc41b273&id=hk_ch8&type=dy
澳视澳门,https://mgev.188766.xyz/?migutoken=a7333c42a8566a97fd6a6d65b2ea0178&id=hk_asam&type=dy
HOY77,https://mgev.188766.xyz/?migutoken=4e129c0a21865912d96b7afe33204a1d&id=hk_hoy&type=dy
订阅地址的密码不正确_已隐藏,https://188766.xyz/dong
免费分享_用爱发电_拒绝贩卖_只有TG群,https://188766.xyz/qiu
奸商太多_冰茶体育已隐藏_进群获取密码,https://188766.xyz/dong
12月09日_咪咕老封号_咪咕体育看咪视界,https://188766.xyz/yu
